C:\USERS\SHIOLAB\DROPBOX\大学\研究\2014年マルチパスのセグメントサイズ調整\MULTI_PATH_SEGMENT\MULTI_PATH_SEGMENT\DEBUG\AODV.OBJ
C:\USERS\SHIOLAB\DROPBOX\大学\研究\2014年マルチパスのセグメントサイズ調整\MULTI_PATH_SEGMENT\MULTI_PATH_SEGMENT\DEBUG\CHANNELSIGNAL.OBJ
C:\USERS\SHIOLAB\DROPBOX\大学\研究\2014年マルチパスのセグメントサイズ調整\MULTI_PATH_SEGMENT\MULTI_PATH_SEGMENT\DEBUG\MA.OBJ
C:\USERS\SHIOLAB\DROPBOX\大学\研究\2014年マルチパスのセグメントサイズ調整\MULTI_PATH_SEGMENT\MULTI_PATH_SEGMENT\DEBUG\MAC.OBJ
C:\USERS\SHIOLAB\DROPBOX\大学\研究\2014年マルチパスのセグメントサイズ調整\MULTI_PATH_SEGMENT\MULTI_PATH_SEGMENT\DEBUG\NODE.OBJ
C:\USERS\SHIOLAB\DROPBOX\大学\研究\2014年マルチパスのセグメントサイズ調整\MULTI_PATH_SEGMENT\MULTI_PATH_SEGMENT\DEBUG\PACKTFRAME.OBJ
C:\USERS\SHIOLAB\DROPBOX\大学\研究\2014年マルチパスのセグメントサイズ調整\MULTI_PATH_SEGMENT\MULTI_PATH_SEGMENT\DEBUG\RAND.OBJ
C:\USERS\SHIOLAB\DROPBOX\大学\研究\2014年マルチパスのセグメントサイズ調整\MULTI_PATH_SEGMENT\MULTI_PATH_SEGMENT\DEBUG\RAND2.OBJ
C:\USERS\SHIOLAB\DROPBOX\大学\研究\2014年マルチパスのセグメントサイズ調整\MULTI_PATH_SEGMENT\MULTI_PATH_SEGMENT\DEBUG\RECEIVE.OBJ
C:\USERS\SHIOLAB\DROPBOX\大学\研究\2014年マルチパスのセグメントサイズ調整\MULTI_PATH_SEGMENT\MULTI_PATH_SEGMENT\DEBUG\SCENARIO.OBJ
C:\USERS\SHIOLAB\DROPBOX\大学\研究\2014年マルチパスのセグメントサイズ調整\MULTI_PATH_SEGMENT\MULTI_PATH_SEGMENT\DEBUG\SIMU.OBJ
C:\USERS\SHIOLAB\DROPBOX\大学\研究\2014年マルチパスのセグメントサイズ調整\MULTI_PATH_SEGMENT\MULTI_PATH_SEGMENT\DEBUG\TCP_UDP.OBJ
C:\USERS\SHIOLAB\DROPBOX\大学\研究\2014年マルチパスのセグメントサイズ調整\MULTI_PATH_SEGMENT\MULTI_PATH_SEGMENT\DEBUG\TIMEOUT.OBJ
C:\USERS\SHIOLAB\DROPBOX\大学\研究\2014年マルチパスのセグメントサイズ調整\MULTI_PATH_SEGMENT\MULTI_PATH_SEGMENT\DEBUG\VC110.PDB
C:\USERS\SHIOLAB\DROPBOX\大学\研究\2014年マルチパスのセグメントサイズ調整\MULTI_PATH_SEGMENT\DEBUG\MULTI_PATH_SEGMENT.ILK
C:\USERS\SHIOLAB\DROPBOX\大学\研究\2014年マルチパスのセグメントサイズ調整\MULTI_PATH_SEGMENT\DEBUG\MULTI_PATH_SEGMENT.EXE
C:\USERS\SHIOLAB\DROPBOX\大学\研究\2014年マルチパスのセグメントサイズ調整\MULTI_PATH_SEGMENT\DEBUG\MULTI_PATH_SEGMENT.PDB
C:\Users\ShioLab\Dropbox\大学\研究\2014年マルチパスのセグメントサイズ調整\multi_path_segment\multi_path_segment\Debug\aodv.obj
C:\Users\ShioLab\Dropbox\大学\研究\2014年マルチパスのセグメントサイズ調整\multi_path_segment\multi_path_segment\Debug\channelSignal.obj
C:\Users\ShioLab\Dropbox\大学\研究\2014年マルチパスのセグメントサイズ調整\multi_path_segment\multi_path_segment\Debug\MA.obj
C:\Users\ShioLab\Dropbox\大学\研究\2014年マルチパスのセグメントサイズ調整\multi_path_segment\multi_path_segment\Debug\mac.obj
C:\Users\ShioLab\Dropbox\大学\研究\2014年マルチパスのセグメントサイズ調整\multi_path_segment\multi_path_segment\Debug\node.obj
C:\Users\ShioLab\Dropbox\大学\研究\2014年マルチパスのセグメントサイズ調整\multi_path_segment\multi_path_segment\Debug\packtFrame.obj
C:\Users\ShioLab\Dropbox\大学\研究\2014年マルチパスのセグメントサイズ調整\multi_path_segment\multi_path_segment\Debug\rand.obj
C:\Users\ShioLab\Dropbox\大学\研究\2014年マルチパスのセグメントサイズ調整\multi_path_segment\multi_path_segment\Debug\rand2.obj
C:\Users\ShioLab\Dropbox\大学\研究\2014年マルチパスのセグメントサイズ調整\multi_path_segment\multi_path_segment\Debug\receive.obj
C:\Users\ShioLab\Dropbox\大学\研究\2014年マルチパスのセグメントサイズ調整\multi_path_segment\multi_path_segment\Debug\scenario.obj
C:\Users\ShioLab\Dropbox\大学\研究\2014年マルチパスのセグメントサイズ調整\multi_path_segment\multi_path_segment\Debug\simu.obj
C:\Users\ShioLab\Dropbox\大学\研究\2014年マルチパスのセグメントサイズ調整\multi_path_segment\multi_path_segment\Debug\TCP_UDP.obj
C:\Users\ShioLab\Dropbox\大学\研究\2014年マルチパスのセグメントサイズ調整\multi_path_segment\multi_path_segment\Debug\timeout.obj
C:\Users\ShioLab\Dropbox\大学\研究\2014年マルチパスのセグメントサイズ調整\multi_path_segment\multi_path_segment\Debug\cl.command.1.tlog
C:\Users\ShioLab\Dropbox\大学\研究\2014年マルチパスのセグメントサイズ調整\multi_path_segment\multi_path_segment\Debug\CL.read.1.tlog
C:\Users\ShioLab\Dropbox\大学\研究\2014年マルチパスのセグメントサイズ調整\multi_path_segment\multi_path_segment\Debug\CL.write.1.tlog
C:\Users\ShioLab\Dropbox\大学\研究\2014年マルチパスのセグメントサイズ調整\multi_path_segment\multi_path_segment\Debug\link-cvtres.read.1.tlog
C:\Users\ShioLab\Dropbox\大学\研究\2014年マルチパスのセグメントサイズ調整\multi_path_segment\multi_path_segment\Debug\link-cvtres.write.1.tlog
C:\Users\ShioLab\Dropbox\大学\研究\2014年マルチパスのセグメントサイズ調整\multi_path_segment\multi_path_segment\Debug\link-rc.read.1.tlog
C:\Users\ShioLab\Dropbox\大学\研究\2014年マルチパスのセグメントサイズ調整\multi_path_segment\multi_path_segment\Debug\link-rc.write.1.tlog
C:\Users\ShioLab\Dropbox\大学\研究\2014年マルチパスのセグメントサイズ調整\multi_path_segment\multi_path_segment\Debug\link.command.1.tlog
C:\Users\ShioLab\Dropbox\大学\研究\2014年マルチパスのセグメントサイズ調整\multi_path_segment\multi_path_segment\Debug\link.read.1.tlog
C:\Users\ShioLab\Dropbox\大学\研究\2014年マルチパスのセグメントサイズ調整\multi_path_segment\multi_path_segment\Debug\link.write.1.tlog
C:\Users\ShioLab\Dropbox\大学\研究\2014年マルチパスのセグメントサイズ調整\multi_path_segment\multi_path_segment\Debug\vc110.idb
C:\Users\ShioLab\Dropbox\大学\研究\2014年マルチパスのセグメントサイズ調整\multi_path_segment\multi_path_segment\Debug\vc110.pdb
C:\Users\ShioLab\Dropbox\大学\研究\2014年マルチパスのセグメントサイズ調整\multi_path_segment\Debug\multi_path_segment.pdb
C:\Users\ShioLab\Dropbox\大学\研究\2014年マルチパスのセグメントサイズ調整\multi_path_segment\Debug\multi_path_segment.exe
C:\Users\ShioLab\Dropbox\大学\研究\2014年マルチパスのセグメントサイズ調整\multi_path_segment\Debug\multi_path_segment.ilk
