C:\USERS\SHIOLAB\DROPBOX\大学\研究\2014年マルチパスのセグメントサイズ調整\MULTI_PATH_SEGMENT\MULTI_PATH_SEGMENT\RELEASE\TIMEOUT.OBJ
C:\USERS\SHIOLAB\DROPBOX\大学\研究\2014年マルチパスのセグメントサイズ調整\MULTI_PATH_SEGMENT\MULTI_PATH_SEGMENT\RELEASE\TCP_UDP.OBJ
C:\USERS\SHIOLAB\DROPBOX\大学\研究\2014年マルチパスのセグメントサイズ調整\MULTI_PATH_SEGMENT\MULTI_PATH_SEGMENT\RELEASE\SIMU.OBJ
C:\USERS\SHIOLAB\DROPBOX\大学\研究\2014年マルチパスのセグメントサイズ調整\MULTI_PATH_SEGMENT\MULTI_PATH_SEGMENT\RELEASE\SCENARIO.OBJ
C:\USERS\SHIOLAB\DROPBOX\大学\研究\2014年マルチパスのセグメントサイズ調整\MULTI_PATH_SEGMENT\MULTI_PATH_SEGMENT\RELEASE\RECEIVE.OBJ
C:\USERS\SHIOLAB\DROPBOX\大学\研究\2014年マルチパスのセグメントサイズ調整\MULTI_PATH_SEGMENT\MULTI_PATH_SEGMENT\RELEASE\RAND2.OBJ
C:\USERS\SHIOLAB\DROPBOX\大学\研究\2014年マルチパスのセグメントサイズ調整\MULTI_PATH_SEGMENT\MULTI_PATH_SEGMENT\RELEASE\RAND.OBJ
C:\USERS\SHIOLAB\DROPBOX\大学\研究\2014年マルチパスのセグメントサイズ調整\MULTI_PATH_SEGMENT\MULTI_PATH_SEGMENT\RELEASE\PACKTFRAME.OBJ
C:\USERS\SHIOLAB\DROPBOX\大学\研究\2014年マルチパスのセグメントサイズ調整\MULTI_PATH_SEGMENT\MULTI_PATH_SEGMENT\RELEASE\NODE.OBJ
C:\USERS\SHIOLAB\DROPBOX\大学\研究\2014年マルチパスのセグメントサイズ調整\MULTI_PATH_SEGMENT\MULTI_PATH_SEGMENT\RELEASE\MAC.OBJ
C:\USERS\SHIOLAB\DROPBOX\大学\研究\2014年マルチパスのセグメントサイズ調整\MULTI_PATH_SEGMENT\MULTI_PATH_SEGMENT\RELEASE\MA.OBJ
C:\USERS\SHIOLAB\DROPBOX\大学\研究\2014年マルチパスのセグメントサイズ調整\MULTI_PATH_SEGMENT\MULTI_PATH_SEGMENT\RELEASE\CHANNELSIGNAL.OBJ
C:\USERS\SHIOLAB\DROPBOX\大学\研究\2014年マルチパスのセグメントサイズ調整\MULTI_PATH_SEGMENT\MULTI_PATH_SEGMENT\RELEASE\AODV.OBJ
C:\USERS\SHIOLAB\DROPBOX\大学\研究\2014年マルチパスのセグメントサイズ調整\MULTI_PATH_SEGMENT\MULTI_PATH_SEGMENT\RELEASE\VC110.PDB
C:\USERS\SHIOLAB\DROPBOX\大学\研究\2014年マルチパスのセグメントサイズ調整\MULTI_PATH_SEGMENT\RELEASE\MULTI_PATH_SEGMENT.EXE
C:\USERS\SHIOLAB\DROPBOX\大学\研究\2014年マルチパスのセグメントサイズ調整\MULTI_PATH_SEGMENT\RELEASE\MULTI_PATH_SEGMENT.PDB
C:\Users\ShioLab\Dropbox\大学\研究\2014年マルチパスのセグメントサイズ調整\multi_path_segment\multi_path_segment\Release\aodv.obj
C:\Users\ShioLab\Dropbox\大学\研究\2014年マルチパスのセグメントサイズ調整\multi_path_segment\multi_path_segment\Release\channelSignal.obj
C:\Users\ShioLab\Dropbox\大学\研究\2014年マルチパスのセグメントサイズ調整\multi_path_segment\multi_path_segment\Release\MA.obj
C:\Users\ShioLab\Dropbox\大学\研究\2014年マルチパスのセグメントサイズ調整\multi_path_segment\multi_path_segment\Release\mac.obj
C:\Users\ShioLab\Dropbox\大学\研究\2014年マルチパスのセグメントサイズ調整\multi_path_segment\multi_path_segment\Release\node.obj
C:\Users\ShioLab\Dropbox\大学\研究\2014年マルチパスのセグメントサイズ調整\multi_path_segment\multi_path_segment\Release\packtFrame.obj
C:\Users\ShioLab\Dropbox\大学\研究\2014年マルチパスのセグメントサイズ調整\multi_path_segment\multi_path_segment\Release\rand.obj
C:\Users\ShioLab\Dropbox\大学\研究\2014年マルチパスのセグメントサイズ調整\multi_path_segment\multi_path_segment\Release\rand2.obj
C:\Users\ShioLab\Dropbox\大学\研究\2014年マルチパスのセグメントサイズ調整\multi_path_segment\multi_path_segment\Release\receive.obj
C:\Users\ShioLab\Dropbox\大学\研究\2014年マルチパスのセグメントサイズ調整\multi_path_segment\multi_path_segment\Release\scenario.obj
C:\Users\ShioLab\Dropbox\大学\研究\2014年マルチパスのセグメントサイズ調整\multi_path_segment\multi_path_segment\Release\simu.obj
C:\Users\ShioLab\Dropbox\大学\研究\2014年マルチパスのセグメントサイズ調整\multi_path_segment\multi_path_segment\Release\TCP_UDP.obj
C:\Users\ShioLab\Dropbox\大学\研究\2014年マルチパスのセグメントサイズ調整\multi_path_segment\multi_path_segment\Release\timeout.obj
C:\Users\ShioLab\Dropbox\大学\研究\2014年マルチパスのセグメントサイズ調整\multi_path_segment\multi_path_segment\Release\cl.command.1.tlog
C:\Users\ShioLab\Dropbox\大学\研究\2014年マルチパスのセグメントサイズ調整\multi_path_segment\multi_path_segment\Release\CL.read.1.tlog
C:\Users\ShioLab\Dropbox\大学\研究\2014年マルチパスのセグメントサイズ調整\multi_path_segment\multi_path_segment\Release\CL.write.1.tlog
C:\Users\ShioLab\Dropbox\大学\研究\2014年マルチパスのセグメントサイズ調整\multi_path_segment\multi_path_segment\Release\link-cvtres.read.1.tlog
C:\Users\ShioLab\Dropbox\大学\研究\2014年マルチパスのセグメントサイズ調整\multi_path_segment\multi_path_segment\Release\link-cvtres.write.1.tlog
C:\Users\ShioLab\Dropbox\大学\研究\2014年マルチパスのセグメントサイズ調整\multi_path_segment\multi_path_segment\Release\link-rc.read.1.tlog
C:\Users\ShioLab\Dropbox\大学\研究\2014年マルチパスのセグメントサイズ調整\multi_path_segment\multi_path_segment\Release\link-rc.write.1.tlog
C:\Users\ShioLab\Dropbox\大学\研究\2014年マルチパスのセグメントサイズ調整\multi_path_segment\multi_path_segment\Release\link.command.1.tlog
C:\Users\ShioLab\Dropbox\大学\研究\2014年マルチパスのセグメントサイズ調整\multi_path_segment\multi_path_segment\Release\link.read.1.tlog
C:\Users\ShioLab\Dropbox\大学\研究\2014年マルチパスのセグメントサイズ調整\multi_path_segment\multi_path_segment\Release\link.write.1.tlog
C:\Users\ShioLab\Dropbox\大学\研究\2014年マルチパスのセグメントサイズ調整\multi_path_segment\multi_path_segment\Release\vc110.pdb
C:\Users\ShioLab\Dropbox\大学\研究\2014年マルチパスのセグメントサイズ調整\multi_path_segment\Release\multi_path_segment.pdb
C:\Users\ShioLab\Dropbox\大学\研究\2014年マルチパスのセグメントサイズ調整\multi_path_segment\Release\multi_path_segment.exe
